<?xml version="1.0" encoding="UTF-8"?>
<!-- Generated by org.testng.reporters.JUnitXMLReporter -->
<testsuite ignored="0" hostname="DESKTOP-C4IGJ3L" failures="3" tests="5" name="master" time="36.192" errors="0" timestamp="2025-07-30T15:37:43 IST">
  <testcase classname="testCase.TC003_LoginDDT" name="verify_loginDDT" time="12.174">
    <failure type="java.lang.AssertionError" message="expected [true] but found [false]">
      <![CDATA[java.lang.AssertionError: expected [true] but found [false]
at testCase.TC003_LoginDDT.verify_loginDDT(TC003_LoginDDT.java:44)
at java.base/java.util.ArrayList.forEach(ArrayList.java:1596)
... Removed 29 stack frames]]>
    </failure>
  </testcase> <!-- verify_loginDDT -->
  <testcase classname="testCase.TC003_LoginDDT" name="verify_loginDDT" time="2.174">
    <failure type="java.lang.AssertionError" message="expected [true] but found [false]">
      <![CDATA[java.lang.AssertionError: expected [true] but found [false]
at testCase.TC003_LoginDDT.verify_loginDDT(TC003_LoginDDT.java:53)
at java.base/java.util.ArrayList.forEach(ArrayList.java:1596)
... Removed 29 stack frames]]>
    </failure>
  </testcase> <!-- verify_loginDDT -->
  <testcase classname="testCase.TC003_LoginDDT" name="verify_loginDDT" time="1.962">
    <failure type="java.lang.AssertionError" message="expected [true] but found [false]">
      <![CDATA[java.lang.AssertionError: expected [true] but found [false]
at testCase.TC003_LoginDDT.verify_loginDDT(TC003_LoginDDT.java:53)
at java.base/java.util.ArrayList.forEach(ArrayList.java:1596)
... Removed 29 stack frames]]>
    </failure>
  </testcase> <!-- verify_loginDDT -->
  <testcase classname="testCase.TC003_LoginDDT" name="verify_loginDDT" time="11.54"/>
  <testcase classname="testCase.TC003_LoginDDT" name="verify_loginDDT" time="2.378"/>
</testsuite> <!-- master -->
