<?xml version="1.0" encoding="UTF-8"?>
<!-- Generated by org.testng.reporters.JUnitXMLReporter -->
<testsuite ignored="1" hostname="DESKTOP-C4IGJ3L" failures="0" tests="1" name="Test" time="16.544" errors="0" timestamp="2025-07-31T13:54:59 IST">
  <testcase classname="testCase.TC002_LoginPage" name="validate_login" time="3.978"/>
  <testcase classname="testCase.AccountRegistrationTest" name="account_registration_test" time="0.0">
    <ignored/>
  </testcase> <!-- account_registration_test -->
</testsuite> <!-- Test -->
