<?xml version="1.0" encoding="UTF-8"?>
<testng-results ignored="0" total="2" passed="2" failed="0" skipped="0">
  <reporter-output>
  </reporter-output>
  <suite started-at="2025-08-04T16:53:59 IST" name="Suite" finished-at="2025-08-04T16:54:26 IST" duration-ms="26863">
    <groups>
      <group name="regression">
        <method signature="TC002_LoginPage.validate_login()[pri:0, instance:testCase.TC002_LoginPage@9225652]" name="validate_login" class="testCase.TC002_LoginPage"/>
      </group> <!-- regression -->
      <group name="sanity">
        <method signature="AccountRegistrationTest.account_registration_test()[pri:0, instance:testCase.AccountRegistrationTest@67a20f67]" name="account_registration_test" class="testCase.AccountRegistrationTest"/>
      </group> <!-- sanity -->
      <group name="master">
        <method signature="AccountRegistrationTest.account_registration_test()[pri:0, instance:testCase.AccountRegistrationTest@67a20f67]" name="account_registration_test" class="testCase.AccountRegistrationTest"/>
        <method signature="TC002_LoginPage.validate_login()[pri:0, instance:testCase.TC002_LoginPage@9225652]" name="validate_login" class="testCase.TC002_LoginPage"/>
      </group> <!-- master -->
    </groups>
    <test started-at="2025-08-04T16:53:59 IST" name="master" finished-at="2025-08-04T16:54:26 IST" duration-ms="26863">
      <class name="testCase.TC002_LoginPage">
        <test-method is-config="true" signature="setUp(java.lang.String,java.lang.String)[pri:0, instance:testCase.TC002_LoginPage@9225652]" started-at="2025-08-04T16:54:20 IST" name="setUp" finished-at="2025-08-04T16:54:23 IST" duration-ms="3485" status="PASS">
          <params>
            <param index="0">
              <value>
                <![CDATA[windows]]>
              </value>
            </param>
            <param index="1">
              <value>
                <![CDATA[edge]]>
              </value>
            </param>
          </params>
          <reporter-output>
          </reporter-output>
        </test-method> <!-- setUp -->
        <test-method signature="validate_login()[pri:0, instance:testCase.TC002_LoginPage@9225652]" started-at="2025-08-04T16:54:23 IST" name="validate_login" finished-at="2025-08-04T16:54:25 IST" duration-ms="2400" status="PASS">
          <reporter-output>
          </reporter-output>
        </test-method> <!-- validate_login -->
        <test-method is-config="true" signature="termDown()[pri:0, instance:testCase.TC002_LoginPage@9225652]" started-at="2025-08-04T16:54:25 IST" name="termDown" finished-at="2025-08-04T16:54:26 IST" duration-ms="546" status="PASS">
          <reporter-output>
          </reporter-output>
        </test-method> <!-- termDown -->
      </class> <!-- testCase.TC002_LoginPage -->
      <class name="testCase.AccountRegistrationTest">
        <test-method is-config="true" signature="setUp(java.lang.String,java.lang.String)[pri:0, instance:testCase.AccountRegistrationTest@67a20f67]" started-at="2025-08-04T16:53:59 IST" name="setUp" finished-at="2025-08-04T16:54:07 IST" duration-ms="8189" status="PASS">
          <params>
            <param index="0">
              <value>
                <![CDATA[windows]]>
              </value>
            </param>
            <param index="1">
              <value>
                <![CDATA[edge]]>
              </value>
            </param>
          </params>
          <reporter-output>
          </reporter-output>
        </test-method> <!-- setUp -->
        <test-method signature="account_registration_test()[pri:0, instance:testCase.AccountRegistrationTest@67a20f67]" started-at="2025-08-04T16:54:07 IST" name="account_registration_test" finished-at="2025-08-04T16:54:19 IST" duration-ms="11429" status="PASS">
          <reporter-output>
          </reporter-output>
        </test-method> <!-- account_registration_test -->
        <test-method is-config="true" signature="termDown()[pri:0, instance:testCase.AccountRegistrationTest@67a20f67]" started-at="2025-08-04T16:54:19 IST" name="termDown" finished-at="2025-08-04T16:54:20 IST" duration-ms="626" status="PASS">
          <reporter-output>
          </reporter-output>
        </test-method> <!-- termDown -->
      </class> <!-- testCase.AccountRegistrationTest -->
    </test> <!-- master -->
  </suite> <!-- Suite -->
</testng-results>
