<?xml version="1.0" encoding="UTF-8"?>
<testng-results ignored="1" total="2" passed="1" failed="0" skipped="0">
  <reporter-output>
  </reporter-output>
  <suite started-at="2025-07-31T13:54:43 IST" name="Suite" finished-at="2025-07-31T13:54:59 IST" duration-ms="16544">
    <groups>
      <group name="regression">
        <method signature="TC002_LoginPage.validate_login()[pri:0, instance:testCase.TC002_LoginPage@367ffa75]" name="validate_login" class="testCase.TC002_LoginPage"/>
      </group> <!-- regression -->
      <group name="master">
        <method signature="TC002_LoginPage.validate_login()[pri:0, instance:testCase.TC002_LoginPage@367ffa75]" name="validate_login" class="testCase.TC002_LoginPage"/>
      </group> <!-- master -->
    </groups>
    <test started-at="2025-07-31T13:54:43 IST" name="Test" finished-at="2025-07-31T13:54:59 IST" duration-ms="16544">
      <class name="testCase.TC002_LoginPage">
        <test-method is-config="true" signature="setUp(java.lang.String,java.lang.String)[pri:0, instance:testCase.TC002_LoginPage@367ffa75]" started-at="2025-07-31T13:54:43 IST" name="setUp" finished-at="2025-07-31T13:54:55 IST" duration-ms="12008" status="PASS">
          <params>
            <param index="0">
              <value>
                <![CDATA[windows]]>
              </value>
            </param>
            <param index="1">
              <value>
                <![CDATA[chrome]]>
              </value>
            </param>
          </params>
          <reporter-output>
          </reporter-output>
        </test-method> <!-- setUp -->
        <test-method signature="validate_login()[pri:0, instance:testCase.TC002_LoginPage@367ffa75]" started-at="2025-07-31T13:54:55 IST" name="validate_login" finished-at="2025-07-31T13:54:59 IST" duration-ms="3978" status="PASS">
          <reporter-output>
          </reporter-output>
        </test-method> <!-- validate_login -->
        <test-method is-config="true" signature="termDown()[pri:0, instance:testCase.TC002_LoginPage@367ffa75]" started-at="2025-07-31T13:54:59 IST" name="termDown" finished-at="2025-07-31T13:54:59 IST" duration-ms="451" status="PASS">
          <reporter-output>
          </reporter-output>
        </test-method> <!-- termDown -->
      </class> <!-- testCase.TC002_LoginPage -->
    </test> <!-- Test -->
  </suite> <!-- Suite -->
</testng-results>
